# JRE version: OpenJDK Runtime Environment (17.0.11) (build 17.0.11+0--11852314)
# Java VM: OpenJDK 64-Bit Server VM (17.0.11+0--11852314, mixed mode, tiered, compressed oops, compressed class ptrs, g1 gc, windows-amd64)
GC Precious Log:
 CPUs: 4 total, 4 available
 Memory: 3838M
 Large Page Support: Disabled
 NUMA Support: Disabled
 Compressed Oops: Enabled (32-bit)
 Heap Region Size: 1M
 Heap Min Capacity: 8M
 Heap Initial Capacity: 60M
 Heap Max Capacity: 2G
 Pre-touch: Disabled
 Parallel Workers: 4
 Concurrent Workers: 1
 Concurrent Refinement Workers: 4
 Periodic GC: Disabled
Heap:
 garbage-first heap   total 350208K, used 150743K [0x0000000080000000, 0x0000000100000000)
  region size 1024K, 36 young (36864K), 2 survivors (2048K)
 Metaspace       used 109861K, committed 110848K, reserved 1179648K
  class space    used 14952K, committed 15424K, reserved 1048576K
GC Heap History (20 events):
Event: 43.447 GC heap before
{Heap before GC invocations=43 (full 0):
 garbage-first heap   total 154624K, used 126261K [0x0000000080000000, 0x0000000100000000)
  region size 1024K, 59 young (60416K), 5 survivors (5120K)
 Metaspace       used 88478K, committed 89152K, reserved 1179648K
  class space    used 12317K, committed 12608K, reserved 1048576K
}
Event: 43.477 GC heap after
{Heap after GC invocations=44 (full 0):
 garbage-first heap   total 154624K, used 73289K [0x0000000080000000, 0x0000000100000000)
  region size 1024K, 7 young (7168K), 7 survivors (7168K)
 Metaspace       used 88478K, committed 89152K, reserved 1179648K
  class space    used 12317K, committed 12608K, reserved 1048576K
}
Event: 46.156 GC heap before
{Heap before GC invocations=44 (full 0):
 garbage-first heap   total 154624K, used 127561K [0x0000000080000000, 0x0000000100000000)
  region size 1024K, 60 young (61440K), 7 survivors (7168K)
 Metaspace       used 93521K, committed 94208K, reserved 1179648K
  class space    used 13080K, committed 13440K, reserved 1048576K
}
Event: 46.200 GC heap after
{Heap after GC invocations=45 (full 0):
 garbage-first heap   total 154624K, used 77326K [0x0000000080000000, 0x0000000100000000)
  region size 1024K, 7 young (7168K), 7 survivors (7168K)
 Metaspace       used 93521K, committed 94208K, reserved 1179648K
  class space    used 13080K, committed 13440K, reserved 1048576K
}
Event: 49.986 GC heap before
{Heap before GC invocations=45 (full 0):
 garbage-first heap   total 154624K, used 126478K [0x0000000080000000, 0x0000000100000000)
  region size 1024K, 56 young (57344K), 7 survivors (7168K)
 Metaspace       used 94128K, committed 94848K, reserved 1179648K
  class space    used 13135K, committed 13504K, reserved 1048576K
}
Event: 50.019 GC heap after
{Heap after GC invocations=46 (full 0):
 garbage-first heap   total 350208K, used 83143K [0x0000000080000000, 0x0000000100000000)
  region size 1024K, 7 young (7168K), 7 survivors (7168K)
 Metaspace       used 94128K, committed 94848K, reserved 1179648K
  class space    used 13135K, committed 13504K, reserved 1048576K
}
Event: 147.592 GC heap before
{Heap before GC invocations=46 (full 0):
 garbage-first heap   total 350208K, used 271559K [0x0000000080000000, 0x0000000100000000)
  region size 1024K, 192 young (196608K), 7 survivors (7168K)
 Metaspace       used 97469K, committed 98240K, reserved 1179648K
  class space    used 13514K, committed 13888K, reserved 1048576K
}
Event: 147.908 GC heap after
{Heap after GC invocations=47 (full 0):
 garbage-first heap   total 350208K, used 92342K [0x0000000080000000, 0x0000000100000000)
  region size 1024K, 16 young (16384K), 16 survivors (16384K)
 Metaspace       used 97469K, committed 98240K, reserved 1179648K
  class space    used 13514K, committed 13888K, reserved 1048576K
}
Event: 159.367 GC heap before
{Heap before GC invocations=47 (full 0):
 garbage-first heap   total 350208K, used 198838K [0x0000000080000000, 0x0000000100000000)
  region size 1024K, 120 young (122880K), 16 survivors (16384K)
 Metaspace       used 98343K, committed 99136K, reserved 1179648K
  class space    used 13555K, committed 13952K, reserved 1048576K
}
Event: 159.421 GC heap after
{Heap after GC invocations=48 (full 0):
 garbage-first heap   total 350208K, used 97630K [0x0000000080000000, 0x0000000100000000)
  region size 1024K, 9 young (9216K), 9 survivors (9216K)
 Metaspace       used 98343K, committed 99136K, reserved 1179648K
  class space    used 13555K, committed 13952K, reserved 1048576K
}
Event: 746.613 GC heap before
{Heap before GC invocations=48 (full 0):
 garbage-first heap   total 350208K, used 257374K [0x0000000080000000, 0x0000000100000000)
  region size 1024K, 161 young (164864K), 9 survivors (9216K)
 Metaspace       used 107046K, committed 107968K, reserved 1179648K
  class space    used 14591K, committed 15040K, reserved 1048576K
}
Event: 747.261 GC heap after
{Heap after GC invocations=49 (full 0):
 garbage-first heap   total 350208K, used 103123K [0x0000000080000000, 0x0000000100000000)
  region size 1024K, 14 young (14336K), 14 survivors (14336K)
 Metaspace       used 107046K, committed 107968K, reserved 1179648K
  class space    used 14591K, committed 15040K, reserved 1048576K
}
Event: 747.423 GC heap before
{Heap before GC invocations=49 (full 0):
 garbage-first heap   total 350208K, used 108243K [0x0000000080000000, 0x0000000100000000)
  region size 1024K, 17 young (17408K), 14 survivors (14336K)
 Metaspace       used 107087K, committed 107968K, reserved 1179648K
  class space    used 14594K, committed 15040K, reserved 1048576K
}
Event: 747.498 GC heap after
{Heap after GC invocations=50 (full 0):
 garbage-first heap   total 350208K, used 108147K [0x0000000080000000, 0x0000000100000000)
  region size 1024K, 3 young (3072K), 3 survivors (3072K)
 Metaspace       used 107087K, committed 107968K, reserved 1179648K
  class space    used 14594K, committed 15040K, reserved 1048576K
}
Event: 748.534 GC heap before
{Heap before GC invocations=50 (full 0):
 garbage-first heap   total 350208K, used 125555K [0x0000000080000000, 0x0000000100000000)
  region size 1024K, 20 young (20480K), 3 survivors (3072K)
 Metaspace       used 107601K, committed 108544K, reserved 1179648K
  class space    used 14660K, committed 15104K, reserved 1048576K
}
Event: 748.560 GC heap after
{Heap after GC invocations=51 (full 0):
 garbage-first heap   total 350208K, used 110585K [0x0000000080000000, 0x0000000100000000)
  region size 1024K, 3 young (3072K), 3 survivors (3072K)
 Metaspace       used 107601K, committed 108544K, reserved 1179648K
  class space    used 14660K, committed 15104K, reserved 1048576K
}
Event: 749.656 GC heap before
{Heap before GC invocations=51 (full 0):
 garbage-first heap   total 350208K, used 137209K [0x0000000080000000, 0x0000000100000000)
  region size 1024K, 29 young (29696K), 3 survivors (3072K)
 Metaspace       used 109347K, committed 110272K, reserved 1179648K
  class space    used 14891K, committed 15360K, reserved 1048576K
}
Event: 749.690 GC heap after
{Heap after GC invocations=52 (full 0):
 garbage-first heap   total 350208K, used 115103K [0x0000000080000000, 0x0000000100000000)
  region size 1024K, 4 young (4096K), 4 survivors (4096K)
 Metaspace       used 109347K, committed 110272K, reserved 1179648K
  class space    used 14891K, committed 15360K, reserved 1048576K
}
Event: 1006.451 GC heap before
{Heap before GC invocations=52 (full 0):
 garbage-first heap   total 350208K, used 148895K [0x0000000080000000, 0x0000000100000000)
  region size 1024K, 37 young (37888K), 4 survivors (4096K)
 Metaspace       used 109766K, committed 110784K, reserved 1179648K
  class space    used 14950K, committed 15424K, reserved 1048576K
}
Event: 1006.605 GC heap after
{Heap after GC invocations=53 (full 0):
 garbage-first heap   total 350208K, used 116951K [0x0000000080000000, 0x0000000100000000)
  region size 1024K, 2 young (2048K), 2 survivors (2048K)
 Metaspace       used 109766K, committed 110784K, reserved 1179648K
  class space    used 14950K, committed 15424K, reserved 1048576K
}

